  [1m[35m (191.4ms)[0m  [1m[35mCREATE DATABASE "fedex_rates_development" ENCODING = 'unicode'[0m
  [1m[35m (94.5ms)[0m  [1m[35mCREATE DATABASE "fedex_rates_test" ENCODING = 'unicode'[0m
Started GET "/" for 127.0.0.1 at 2023-12-12 22:16:49 -0800
  [1m[35m (8.7ms)[0m  [1m[35mCREATE TABLE "schema_migrations" ("version" character varying NOT NULL PRIMARY KEY)[0m
  [1m[35m (3.7ms)[0m  [1m[35mCREATE TABLE "ar_internal_metadata" ("key" character varying NOT NULL PRIMARY KEY, "value" character varying, "created_at" timestamp(6) NOT NULL, "updated_at" timestamp(6) NOT NULL)[0m
  [1m[36mActiveRecord::SchemaMigration Load (0.6ms)[0m  [1m[34mSELECT "schema_migrations"."version" FROM "schema_migrations" ORDER BY "schema_migrations"."version" ASC[0m
Processing by Rails::WelcomeController#index as HTML
  Rendering /home/efren/.rbenv/versions/3.0.2/lib/ruby/gems/3.0.0/gems/railties-7.1.2/lib/rails/templates/rails/welcome/index.html.erb
  Rendered /home/efren/.rbenv/versions/3.0.2/lib/ruby/gems/3.0.0/gems/railties-7.1.2/lib/rails/templates/rails/welcome/index.html.erb (Duration: 1.0ms | Allocations: 578)
Completed 200 OK in 34ms (Views: 11.8ms | ActiveRecord: 0.0ms | Allocations: 10087)


Started GET "/" for 127.0.0.1 at 2023-12-12 22:30:21 -0800
Processing by Rails::WelcomeController#index as HTML
  Rendering /home/efren/.rbenv/versions/3.0.2/lib/ruby/gems/3.0.0/gems/railties-7.1.2/lib/rails/templates/rails/welcome/index.html.erb
  Rendered /home/efren/.rbenv/versions/3.0.2/lib/ruby/gems/3.0.0/gems/railties-7.1.2/lib/rails/templates/rails/welcome/index.html.erb (Duration: 6.4ms | Allocations: 479)
Completed 200 OK in 37ms (Views: 33.0ms | ActiveRecord: 0.0ms | Allocations: 1546)


Started GET "/" for 127.0.0.1 at 2023-12-12 22:32:16 -0800
Processing by RatesController#index as HTML
  Rendering layout layouts/application.html.erb
  Rendering rates/index.html.erb within layouts/application
  Rendered rates/index.html.erb within layouts/application (Duration: 0.4ms | Allocations: 117)
  Rendered layout layouts/application.html.erb (Duration: 668.1ms | Allocations: 99690)
Completed 200 OK in 675ms (Views: 674.0ms | ActiveRecord: 0.0ms | Allocations: 101075)


Started GET "/" for 127.0.0.1 at 2023-12-12 22:32:29 -0800
Processing by RatesController#index as HTML
  Rendering layout layouts/application.html.erb
  Rendering rates/index.html.erb within layouts/application
  Rendered rates/index.html.erb within layouts/application (Duration: 1.3ms | Allocations: 126)
  Rendered layout layouts/application.html.erb (Duration: 69.6ms | Allocations: 17883)
Completed 200 OK in 75ms (Views: 72.0ms | ActiveRecord: 0.0ms | Allocations: 19188)


Started GET "/" for 127.0.0.1 at 2023-12-12 22:36:28 -0800
Processing by HomeController#index as HTML
Completed 406 Not Acceptable in 1ms (ActiveRecord: 0.0ms | Allocations: 850)


  
ActionController::MissingExactTemplate (HomeController#index is missing a template for request formats: text/html):
  
actionpack (7.1.2) lib/action_controller/metal/implicit_render.rb:47:in `default_render'
actionpack (7.1.2) lib/action_controller/metal/basic_implicit_render.rb:7:in `send_action'
actionpack (7.1.2) lib/abstract_controller/base.rb:224:in `process_action'
actionpack (7.1.2) lib/action_controller/metal/rendering.rb:165:in `process_action'
actionpack (7.1.2) lib/abstract_controller/callbacks.rb:259:in `block in process_action'
activesupport (7.1.2) lib/active_support/callbacks.rb:121:in `block in run_callbacks'
actiontext (7.1.2) lib/action_text/rendering.rb:23:in `with_renderer'
actiontext (7.1.2) lib/action_text/engine.rb:69:in `block (4 levels) in <class:Engine>'
activesupport (7.1.2) lib/active_support/callbacks.rb:130:in `instance_exec'
activesupport (7.1.2) lib/active_support/callbacks.rb:130:in `block in run_callbacks'
activesupport (7.1.2) lib/active_support/callbacks.rb:141:in `run_callbacks'
actionpack (7.1.2) lib/abstract_controller/callbacks.rb:258:in `process_action'
actionpack (7.1.2) lib/action_controller/metal/rescue.rb:25:in `process_action'
actionpack (7.1.2) lib/action_controller/metal/instrumentation.rb:74:in `block in process_action'
activesupport (7.1.2) lib/active_support/notifications.rb:206:in `block in instrument'
activesupport (7.1.2) lib/active_support/notifications/instrumenter.rb:58:in `instrument'
activesupport (7.1.2) lib/active_support/notifications.rb:206:in `instrument'
actionpack (7.1.2) lib/action_controller/metal/instrumentation.rb:73:in `process_action'
actionpack (7.1.2) lib/action_controller/metal/params_wrapper.rb:261:in `process_action'
activerecord (7.1.2) lib/active_record/railties/controller_runtime.rb:32:in `process_action'
actionpack (7.1.2) lib/abstract_controller/base.rb:160:in `process'
actionview (7.1.2) lib/action_view/rendering.rb:40:in `process'
actionpack (7.1.2) lib/action_controller/metal.rb:227:in `dispatch'
actionpack (7.1.2) lib/action_controller/metal.rb:309:in `dispatch'
actionpack (7.1.2) lib/action_dispatch/routing/route_set.rb:49:in `dispatch'
actionpack (7.1.2) lib/action_dispatch/routing/route_set.rb:32:in `serve'
actionpack (7.1.2) lib/action_dispatch/journey/router.rb:51:in `block in serve'
actionpack (7.1.2) lib/action_dispatch/journey/router.rb:131:in `block in find_routes'
actionpack (7.1.2) lib/action_dispatch/journey/router.rb:124:in `each'
actionpack (7.1.2) lib/action_dispatch/journey/router.rb:124:in `find_routes'
actionpack (7.1.2) lib/action_dispatch/journey/router.rb:32:in `serve'
actionpack (7.1.2) lib/action_dispatch/routing/route_set.rb:882:in `call'
rack (3.0.8) lib/rack/tempfile_reaper.rb:20:in `call'
rack (3.0.8) lib/rack/etag.rb:29:in `call'
rack (3.0.8) lib/rack/conditional_get.rb:31:in `call'
rack (3.0.8) lib/rack/head.rb:15:in `call'
actionpack (7.1.2) lib/action_dispatch/http/permissions_policy.rb:36:in `call'
actionpack (7.1.2) lib/action_dispatch/http/content_security_policy.rb:33:in `call'
rack-session (2.0.0) lib/rack/session/abstract/id.rb:272:in `context'
rack-session (2.0.0) lib/rack/session/abstract/id.rb:266:in `call'
actionpack (7.1.2) lib/action_dispatch/middleware/cookies.rb:689:in `call'
activerecord (7.1.2) lib/active_record/migration.rb:654:in `call'
actionpack (7.1.2) lib/action_dispatch/middleware/callbacks.rb:29:in `block in call'
activesupport (7.1.2) lib/active_support/callbacks.rb:101:in `run_callbacks'
actionpack (7.1.2) lib/action_dispatch/middleware/callbacks.rb:28:in `call'
actionpack (7.1.2) lib/action_dispatch/middleware/executor.rb:14:in `call'
actionpack (7.1.2) lib/action_dispatch/middleware/actionable_exceptions.rb:16:in `call'
actionpack (7.1.2) lib/action_dispatch/middleware/debug_exceptions.rb:29:in `call'
web-console (4.2.1) lib/web_console/middleware.rb:132:in `call_app'
web-console (4.2.1) lib/web_console/middleware.rb:28:in `block in call'
web-console (4.2.1) lib/web_console/middleware.rb:17:in `catch'
web-console (4.2.1) lib/web_console/middleware.rb:17:in `call'
actionpack (7.1.2) lib/action_dispatch/middleware/show_exceptions.rb:31:in `call'
railties (7.1.2) lib/rails/rack/logger.rb:37:in `call_app'
railties (7.1.2) lib/rails/rack/logger.rb:24:in `block in call'
activesupport (7.1.2) lib/active_support/tagged_logging.rb:135:in `block in tagged'
activesupport (7.1.2) lib/active_support/tagged_logging.rb:39:in `tagged'
activesupport (7.1.2) lib/active_support/tagged_logging.rb:135:in `tagged'
activesupport (7.1.2) lib/active_support/broadcast_logger.rb:240:in `method_missing'
railties (7.1.2) lib/rails/rack/logger.rb:24:in `call'
sprockets-rails (3.4.2) lib/sprockets/rails/quiet_assets.rb:13:in `call'
actionpack (7.1.2) lib/action_dispatch/middleware/remote_ip.rb:92:in `call'
actionpack (7.1.2) lib/action_dispatch/middleware/request_id.rb:28:in `call'
rack (3.0.8) lib/rack/method_override.rb:28:in `call'
rack (3.0.8) lib/rack/runtime.rb:24:in `call'
activesupport (7.1.2) lib/active_support/cache/strategy/local_cache_middleware.rb:29:in `call'
actionpack (7.1.2) lib/action_dispatch/middleware/server_timing.rb:59:in `block in call'
actionpack (7.1.2) lib/action_dispatch/middleware/server_timing.rb:24:in `collect_events'
actionpack (7.1.2) lib/action_dispatch/middleware/server_timing.rb:58:in `call'
actionpack (7.1.2) lib/action_dispatch/middleware/executor.rb:14:in `call'
actionpack (7.1.2) lib/action_dispatch/middleware/static.rb:25:in `call'
rack (3.0.8) lib/rack/sendfile.rb:114:in `call'
actionpack (7.1.2) lib/action_dispatch/middleware/host_authorization.rb:141:in `call'
railties (7.1.2) lib/rails/engine.rb:529:in `call'
puma (6.4.0) lib/puma/configuration.rb:272:in `call'
puma (6.4.0) lib/puma/request.rb:100:in `block in handle_request'
puma (6.4.0) lib/puma/thread_pool.rb:378:in `with_force_shutdown'
puma (6.4.0) lib/puma/request.rb:99:in `handle_request'
puma (6.4.0) lib/puma/server.rb:443:in `process_client'
puma (6.4.0) lib/puma/server.rb:241:in `block in run'
puma (6.4.0) lib/puma/thread_pool.rb:155:in `block in spawn_thread'
Started GET "/" for 127.0.0.1 at 2023-12-12 22:36:46 -0800
Processing by HomeController#index as HTML
  Rendering layout layouts/application.html.erb
  Rendering home/index.html.erb within layouts/application
  Rendered home/index.html.erb within layouts/application (Duration: 1.0ms | Allocations: 115)
  Rendered layout layouts/application.html.erb (Duration: 24.1ms | Allocations: 14732)
Completed 200 OK in 28ms (Views: 26.6ms | ActiveRecord: 0.0ms | Allocations: 16022)


Started GET "/" for 127.0.0.1 at 2023-12-12 23:21:22 -0800
Processing by RatesController#index as HTML
  Rendering layout layouts/application.html.erb
  Rendering rates/index.html.erb within layouts/application
  Rendered rates/index.html.erb within layouts/application (Duration: 0.5ms | Allocations: 115)
  Rendered layout layouts/application.html.erb (Duration: 35.1ms | Allocations: 14624)
Completed 200 OK in 40ms (Views: 38.1ms | ActiveRecord: 0.0ms | Allocations: 15915)


Started GET "/" for 127.0.0.1 at 2023-12-12 23:26:41 -0800
Processing by RatesController#index as HTML
  Rendering layout layouts/application.html.erb
  Rendering rates/index.html.erb within layouts/application
  Rendered rates/index.html.erb within layouts/application (Duration: 0.9ms | Allocations: 132)
  Rendered layout layouts/application.html.erb (Duration: 29.8ms | Allocations: 14624)
Completed 200 OK in 33ms (Views: 32.1ms | ActiveRecord: 0.0ms | Allocations: 15910)


Started GET "/" for 127.0.0.1 at 2023-12-12 23:27:30 -0800
  
ActionController::RoutingError (uninitialized constant RatesController):
  
Started GET "/" for 127.0.0.1 at 2023-12-12 23:28:05 -0800
  
ActionController::RoutingError (uninitialized constant RatesController):
  
Started GET "/" for 127.0.0.1 at 2023-12-12 23:30:19 -0800
  
ActionController::RoutingError (uninitialized constant RatesController):
  
Started GET "/routes" for 127.0.0.1 at 2023-12-12 23:30:22 -0800
  
ActionController::RoutingError (No route matches [GET] "/routes"):
  
Started GET "/" for 127.0.0.1 at 2023-12-12 23:31:05 -0800
  
ActionController::RoutingError (uninitialized constant RatesController):
  
Started GET "/" for 127.0.0.1 at 2023-12-12 23:36:16 -0800
  
ActionController::RoutingError (uninitialized constant RatesController):
  
Started GET "/" for 127.0.0.1 at 2023-12-12 23:36:19 -0800
  
ActionController::RoutingError (uninitialized constant RatesController):
  
Started GET "/" for 127.0.0.1 at 2023-12-12 23:36:49 -0800
  
ActionController::RoutingError (uninitialized constant RatesController):
  
Started GET "/" for 127.0.0.1 at 2023-12-12 23:42:50 -0800
  
ActionController::RoutingError (uninitialized constant RatesController):
  
Started GET "/" for 127.0.0.1 at 2023-12-12 23:45:44 -0800
  
ActionController::RoutingError (uninitialized constant RatesController):
  
Started GET "/" for 127.0.0.1 at 2023-12-13 00:23:22 -0800
  
NameError (uninitialized constant FedexRatesGem):
  
app/controllers/home_controller.rb:1:in `<main>'
Started GET "/" for 127.0.0.1 at 2023-12-13 00:23:38 -0800
Processing by HomeController#index as HTML
  Rendering layout layouts/application.html.erb
  Rendering home/index.html.erb within layouts/application
  Rendered home/index.html.erb within layouts/application (Duration: 0.3ms | Allocations: 115)
  Rendered layout layouts/application.html.erb (Duration: 335.7ms | Allocations: 14728)
Completed 200 OK in 458ms (Views: 386.6ms | ActiveRecord: 0.0ms | Allocations: 16016)


Started GET "/" for 127.0.0.1 at 2023-12-13 00:24:26 -0800
  
LoadError (cannot load such file -- fedex_rates_gem):
  
app/controllers/home_controller.rb:2:in `<class:HomeController>'
app/controllers/home_controller.rb:1:in `<main>'
Started GET "/" for 127.0.0.1 at 2023-12-13 01:47:00 -0800
  [1m[36mActiveRecord::SchemaMigration Load (4.2ms)[0m  [1m[34mSELECT "schema_migrations"."version" FROM "schema_migrations" ORDER BY "schema_migrations"."version" ASC[0m
Processing by HomeController#index as HTML
  Rendering layout layouts/application.html.erb
  Rendering home/index.html.erb within layouts/application
  Rendered home/index.html.erb within layouts/application (Duration: 0.4ms | Allocations: 192)
  Rendered layout layouts/application.html.erb (Duration: 101.0ms | Allocations: 35897)
Completed 200 OK in 417655ms (Views: 108.0ms | ActiveRecord: 0.0ms | Allocations: 83466)


Started GET "/" for 127.0.0.1 at 2023-12-13 01:54:03 -0800
Processing by HomeController#index as HTML
Completed 500 Internal Server Error in 3ms (ActiveRecord: 0.0ms | Allocations: 2360)


  
NameError (uninitialized constant HomeController::RatesService):
  
app/controllers/home_controller.rb:3:in `index'
Started GET "/" for 127.0.0.1 at 2023-12-13 01:55:01 -0800
Processing by HomeController#index as HTML
Completed 500 Internal Server Error in 95148ms (ActiveRecord: 0.0ms | Allocations: 14271)


  
NameError (uninitialized constant HomeController::RatesService):
  
app/controllers/home_controller.rb:4:in `index'
Started GET "/" for 127.0.0.1 at 2023-12-13 01:56:42 -0800
  [1m[36mActiveRecord::SchemaMigration Load (0.5ms)[0m  [1m[34mSELECT "schema_migrations"."version" FROM "schema_migrations" ORDER BY "schema_migrations"."version" ASC[0m
Processing by HomeController#index as HTML
Completed 500 Internal Server Error in 28352ms (ActiveRecord: 0.0ms | Allocations: 21494)


  
NoMethodError (undefined method `get_rates' for RatesService:Class):
  
app/controllers/home_controller.rb:4:in `index'
Started GET "/" for 127.0.0.1 at 2023-12-13 01:57:15 -0800
  [1m[36mActiveRecord::SchemaMigration Load (0.5ms)[0m  [1m[34mSELECT "schema_migrations"."version" FROM "schema_migrations" ORDER BY "schema_migrations"."version" ASC[0m
Processing by HomeController#index as HTML
  Rendering layout layouts/application.html.erb
  Rendering home/index.html.erb within layouts/application
  Rendered home/index.html.erb within layouts/application (Duration: 0.4ms | Allocations: 192)
  Rendered layout layouts/application.html.erb (Duration: 53.8ms | Allocations: 38019)
Completed 200 OK in 561746ms (Views: 57.5ms | ActiveRecord: 0.0ms | Allocations: 107156)


Started POST "/" for ::1 at 2023-12-13 02:30:45 -0800
  
ActionController::RoutingError (No route matches [POST] "/"):
  
Started GET "/" for ::1 at 2023-12-13 02:31:04 -0800
Processing by HomeController#index as */*
Completed 500 Internal Server Error in 39ms (ActiveRecord: 0.0ms | Allocations: 3226)


  
NameError (undefined local variable or method `quote_params' for #<HomeController:0x0000000000e010>
Did you mean?  to_param):
  
app/controllers/home_controller.rb:3:in `index'
Started GET "/" for ::1 at 2023-12-13 02:32:50 -0800
Processing by HomeController#index as */*
Completed 500 Internal Server Error in 19785ms (ActiveRecord: 0.0ms | Allocations: 11322)


  
NameError (undefined local variable or method `quote_params' for #<HomeController:0x00000000011418>
Did you mean?  to_param):
  
app/controllers/home_controller.rb:4:in `index'
Started GET "/" for ::1 at 2023-12-13 02:33:50 -0800
Error occurred while parsing request parameters.
Contents:

{
    "rateRequest": {
        "imperial": false,
        "packages": [
            {
                "weight": {"value": 1.0, "units": "LB"},
                "dimensions": {"length": 10, "width": 5, "height": 5, "units": "IN"},
            }
        ],
        "shipper": {"postalCode": "SHIPPER_CODIGO_POSTAL"},
        "recipient": {"postalCode": "RECIPIENT_CODIGO_POSTAL"},
        "shipDateTime": "2023-01-01T12:00:00Z"
    }
}
Processing by HomeController#index as */*
Completed 500 Internal Server Error in 66546ms (ActiveRecord: 0.0ms | Allocations: 14579)


  
NameError (undefined local variable or method `quote_params' for #<HomeController:0x00000000011788>
Did you mean?  to_param):
  
app/controllers/home_controller.rb:4:in `index'
Started GET "/" for ::1 at 2023-12-13 02:37:25 -0800
  [1m[36mActiveRecord::SchemaMigration Load (3.6ms)[0m  [1m[34mSELECT "schema_migrations"."version" FROM "schema_migrations" ORDER BY "schema_migrations"."version" ASC[0m
Processing by HomeController#index as */*
  Parameters: {"rateRequest"=>{"imperial"=>false, "packages"=>[{"weight"=>{"value"=>1.0, "units"=>"LB"}, "dimensions"=>{"length"=>10, "width"=>5, "height"=>5, "units"=>"IN"}}], "shipper"=>{"postalCode"=>"SHIPPER_CODIGO_POSTAL"}, "recipient"=>{"postalCode"=>"RECIPIENT_CODIGO_POSTAL"}, "shipDateTime"=>"2023-01-01T12:00:00Z"}, "home"=>{"rateRequest"=>{"imperial"=>false, "packages"=>[{"weight"=>{"value"=>1.0, "units"=>"LB"}, "dimensions"=>{"length"=>10, "width"=>5, "height"=>5, "units"=>"IN"}}], "shipper"=>{"postalCode"=>"SHIPPER_CODIGO_POSTAL"}, "recipient"=>{"postalCode"=>"RECIPIENT_CODIGO_POSTAL"}, "shipDateTime"=>"2023-01-01T12:00:00Z"}}}
Started POST "/" for ::1 at 2023-12-13 02:38:17 -0800
  
ActionController::RoutingError (No route matches [POST] "/"):
  
Completed 500 Internal Server Error in 85636ms (ActiveRecord: 0.0ms | Allocations: 112434)


  
NameError (undefined local variable or method `quote_params' for #<HomeController:0x0000000000ad48>
Did you mean?  to_param):
  
app/controllers/home_controller.rb:4:in `index'
Started GET "/" for ::1 at 2023-12-13 02:39:06 -0800
Processing by HomeController#index as */*
  Parameters: {"quote_params"=>{"imperial"=>false, "packages"=>[{"weight"=>{"value"=>1.0, "units"=>"LB"}, "dimensions"=>{"length"=>10, "width"=>5, "height"=>5, "units"=>"IN"}}], "shipper"=>{"postalCode"=>"SHIPPER_CODIGO_POSTAL"}, "recipient"=>{"postalCode"=>"RECIPIENT_CODIGO_POSTAL"}, "shipDateTime"=>"2023-01-01T12:00:00Z"}, "home"=>{"quote_params"=>{"imperial"=>false, "packages"=>[{"weight"=>{"value"=>1.0, "units"=>"LB"}, "dimensions"=>{"length"=>10, "width"=>5, "height"=>5, "units"=>"IN"}}], "shipper"=>{"postalCode"=>"SHIPPER_CODIGO_POSTAL"}, "recipient"=>{"postalCode"=>"RECIPIENT_CODIGO_POSTAL"}, "shipDateTime"=>"2023-01-01T12:00:00Z"}}}
Completed 500 Internal Server Error in 37791ms (ActiveRecord: 0.0ms | Allocations: 24275)


  
NameError (undefined local variable or method `quote_params' for #<HomeController:0x0000000000b090>
Did you mean?  to_param):
  
app/controllers/home_controller.rb:4:in `index'
Started GET "/" for ::1 at 2023-12-13 02:39:58 -0800
Processing by HomeController#index as */*
Completed 500 Internal Server Error in 7288ms (ActiveRecord: 0.0ms | Allocations: 9513)


  
NameError (undefined local variable or method `quote_params' for #<HomeController:0x0000000000b3b0>
Did you mean?  to_param):
  
app/controllers/home_controller.rb:4:in `index'
Started GET "/" for ::1 at 2023-12-13 02:40:10 -0800
Processing by HomeController#index as */*
  Parameters: {"quote_params"=>{"imperial"=>false, "packages"=>[{"weight"=>{"value"=>1.0, "units"=>"LB"}, "dimensions"=>{"length"=>10, "width"=>5, "height"=>5, "units"=>"IN"}}], "shipper"=>{"postalCode"=>"SHIPPER_CODIGO_POSTAL"}, "recipient"=>{"postalCode"=>"RECIPIENT_CODIGO_POSTAL"}, "shipDateTime"=>"2023-01-01T12:00:00Z"}, "home"=>{"quote_params"=>{"imperial"=>false, "packages"=>[{"weight"=>{"value"=>1.0, "units"=>"LB"}, "dimensions"=>{"length"=>10, "width"=>5, "height"=>5, "units"=>"IN"}}], "shipper"=>{"postalCode"=>"SHIPPER_CODIGO_POSTAL"}, "recipient"=>{"postalCode"=>"RECIPIENT_CODIGO_POSTAL"}, "shipDateTime"=>"2023-01-01T12:00:00Z"}}}
Completed 500 Internal Server Error in 103964ms (ActiveRecord: 0.0ms | Allocations: 24269)


  
NameError (undefined local variable or method `quote_params' for #<HomeController:0x0000000000b6d0>
Did you mean?  to_param):
  
app/controllers/home_controller.rb:4:in `index'
Started GET "/" for ::1 at 2023-12-13 02:42:02 -0800
Processing by HomeController#index as */*
  Parameters: {"quote_params"=>{"imperial"=>false, "packages"=>[{"weight"=>{"value"=>1.0, "units"=>"LB"}, "dimensions"=>{"length"=>10, "width"=>5, "height"=>5, "units"=>"IN"}}], "shipper"=>{"postalCode"=>"SHIPPER_CODIGO_POSTAL"}, "recipient"=>{"postalCode"=>"RECIPIENT_CODIGO_POSTAL"}, "shipDateTime"=>"2023-01-01T12:00:00Z"}, "home"=>{"quote_params"=>{"imperial"=>false, "packages"=>[{"weight"=>{"value"=>1.0, "units"=>"LB"}, "dimensions"=>{"length"=>10, "width"=>5, "height"=>5, "units"=>"IN"}}], "shipper"=>{"postalCode"=>"SHIPPER_CODIGO_POSTAL"}, "recipient"=>{"postalCode"=>"RECIPIENT_CODIGO_POSTAL"}, "shipDateTime"=>"2023-01-01T12:00:00Z"}}}
Completed 500 Internal Server Error in 914141ms (ActiveRecord: 0.0ms | Allocations: 21584)


  
ArgumentError (wrong number of arguments (given 1, expected 0)):
  
app/services/rates_service.rb:2:in `get_rates'
app/controllers/home_controller.rb:4:in `index'
Started GET "/" for ::1 at 2023-12-13 03:25:07 -0800
  [1m[36mActiveRecord::SchemaMigration Load (1.6ms)[0m  [1m[34mSELECT "schema_migrations"."version" FROM "schema_migrations" ORDER BY "schema_migrations"."version" ASC[0m
Processing by HomeController#index as */*
  Parameters: {"rate_request"=>{"packages"=>[{"weight"=>{"value"=>1, "units"=>"KG"}, "dimensions"=>{"length"=>10, "width"=>10, "height"=>10, "units"=>"CM"}}], "shipper"=>{"postalCode"=>"64000", "country_code"=>"MX"}, "recipient"=>{"postalCode"=>"06500", "country_code"=>"MX"}}, "home"=>{"rate_request"=>{"packages"=>[{"weight"=>{"value"=>1, "units"=>"KG"}, "dimensions"=>{"length"=>10, "width"=>10, "height"=>10, "units"=>"CM"}}], "shipper"=>{"postalCode"=>"64000", "country_code"=>"MX"}, "recipient"=>{"postalCode"=>"06500", "country_code"=>"MX"}}}}
Completed 400 Bad Request in 9ms (ActiveRecord: 0.0ms | Allocations: 2458)


  
ActionController::ParameterMissing (param is missing or the value is empty: quote_params):
  
app/controllers/home_controller.rb:8:in `quote_params'
app/controllers/home_controller.rb:3:in `index'
Started GET "/" for ::1 at 2023-12-13 03:25:54 -0800
  [1m[36mActiveRecord::SchemaMigration Load (2.9ms)[0m  [1m[34mSELECT "schema_migrations"."version" FROM "schema_migrations" ORDER BY "schema_migrations"."version" ASC[0m
Processing by HomeController#index as */*
  Parameters: {"rate_request"=>{"packages"=>[{"weight"=>{"value"=>1, "units"=>"KG"}, "dimensions"=>{"length"=>10, "width"=>10, "height"=>10, "units"=>"CM"}}], "shipper"=>{"postalCode"=>"64000", "country_code"=>"MX"}, "recipient"=>{"postalCode"=>"06500", "country_code"=>"MX"}}, "home"=>{"rate_request"=>{"packages"=>[{"weight"=>{"value"=>1, "units"=>"KG"}, "dimensions"=>{"length"=>10, "width"=>10, "height"=>10, "units"=>"CM"}}], "shipper"=>{"postalCode"=>"64000", "country_code"=>"MX"}, "recipient"=>{"postalCode"=>"06500", "country_code"=>"MX"}}}}
Completed 500 Internal Server Error in 8ms (ActiveRecord: 0.0ms | Allocations: 2357)


  
ArgumentError (wrong number of arguments (given 1, expected 0)):
  
app/services/rates_service.rb:2:in `get_rates'
app/controllers/home_controller.rb:3:in `index'
Started GET "/" for ::1 at 2023-12-13 03:26:22 -0800
Processing by HomeController#index as */*
Completed 400 Bad Request in 43818ms (ActiveRecord: 0.0ms | Allocations: 17813)


  
ActionController::ParameterMissing (param is missing or the value is empty: rate_request):
  
app/controllers/home_controller.rb:9:in `quote_params'
app/controllers/home_controller.rb:4:in `index'
Started GET "/" for ::1 at 2023-12-13 03:27:33 -0800
Processing by HomeController#index as */*
  Parameters: {"rateRequest"=>{"packages"=>[{"weight"=>{"value"=>1, "units"=>"KG"}, "dimensions"=>{"length"=>10, "width"=>10, "height"=>10, "units"=>"CM"}}], "shipper"=>{"postalCode"=>"64000", "country_code"=>"MX"}, "recipient"=>{"postalCode"=>"06500", "country_code"=>"MX"}}, "home"=>{"rateRequest"=>{"packages"=>[{"weight"=>{"value"=>1, "units"=>"KG"}, "dimensions"=>{"length"=>10, "width"=>10, "height"=>10, "units"=>"CM"}}], "shipper"=>{"postalCode"=>"64000", "country_code"=>"MX"}, "recipient"=>{"postalCode"=>"06500", "country_code"=>"MX"}}}}
Completed 400 Bad Request in 32727ms (ActiveRecord: 0.0ms | Allocations: 8847)


  
ActionController::ParameterMissing (param is missing or the value is empty: rate_request
Did you mean?  rateRequest):
  
app/controllers/home_controller.rb:9:in `quote_params'
app/controllers/home_controller.rb:4:in `index'
Started GET "/" for ::1 at 2023-12-13 03:28:14 -0800
Processing by HomeController#index as */*
  Parameters: {"rateRequest"=>{"packages"=>[{"weight"=>{"value"=>1, "units"=>"KG"}, "dimensions"=>{"length"=>10, "width"=>10, "height"=>10, "units"=>"CM"}}], "shipper"=>{"postalCode"=>"64000", "country_code"=>"MX"}, "recipient"=>{"postalCode"=>"06500", "country_code"=>"MX"}}, "home"=>{"rateRequest"=>{"packages"=>[{"weight"=>{"value"=>1, "units"=>"KG"}, "dimensions"=>{"length"=>10, "width"=>10, "height"=>10, "units"=>"CM"}}], "shipper"=>{"postalCode"=>"64000", "country_code"=>"MX"}, "recipient"=>{"postalCode"=>"06500", "country_code"=>"MX"}}}}
Completed 400 Bad Request in 85340ms (ActiveRecord: 0.0ms | Allocations: 8904)


  
ActionController::ParameterMissing (param is missing or the value is empty: rate_request
Did you mean?  rateRequest):
  
app/controllers/home_controller.rb:9:in `quote_params'
app/controllers/home_controller.rb:4:in `index'
Started GET "/" for ::1 at 2023-12-13 03:29:48 -0800
Processing by HomeController#index as */*
  Parameters: {"rateRequest"=>{"packages"=>[{"weight"=>{"value"=>1, "units"=>"KG"}, "dimensions"=>{"length"=>10, "width"=>10, "height"=>10, "units"=>"CM"}}], "shipper"=>{"postalCode"=>"64000", "country_code"=>"MX"}, "recipient"=>{"postalCode"=>"06500", "country_code"=>"MX"}}, "home"=>{"rateRequest"=>{"packages"=>[{"weight"=>{"value"=>1, "units"=>"KG"}, "dimensions"=>{"length"=>10, "width"=>10, "height"=>10, "units"=>"CM"}}], "shipper"=>{"postalCode"=>"64000", "country_code"=>"MX"}, "recipient"=>{"postalCode"=>"06500", "country_code"=>"MX"}}}}
Completed 500 Internal Server Error in 18345ms (ActiveRecord: 0.0ms | Allocations: 6907)


  
ArgumentError (wrong number of arguments (given 1, expected 0)):
  
app/services/rates_service.rb:2:in `get_rates'
app/controllers/home_controller.rb:4:in `index'
Started GET "/" for ::1 at 2023-12-13 03:32:20 -0800
Processing by HomeController#index as */*
  Parameters: {"rateRequest"=>{"packages"=>[{"weight"=>{"value"=>1, "units"=>"KG"}, "dimensions"=>{"length"=>10, "width"=>10, "height"=>10, "units"=>"CM"}}], "shipper"=>{"postalCode"=>"64000", "country_code"=>"MX"}, "recipient"=>{"postalCode"=>"06500", "country_code"=>"MX"}}, "home"=>{"rateRequest"=>{"packages"=>[{"weight"=>{"value"=>1, "units"=>"KG"}, "dimensions"=>{"length"=>10, "width"=>10, "height"=>10, "units"=>"CM"}}], "shipper"=>{"postalCode"=>"64000", "country_code"=>"MX"}, "recipient"=>{"postalCode"=>"06500", "country_code"=>"MX"}}}}
Completed 500 Internal Server Error in 13294ms (ActiveRecord: 0.0ms | Allocations: 10098)


  
NameError (undefined local variable or method `credentials' for RatesService:Class):
  
app/services/rates_service.rb:4:in `get_rates'
app/controllers/home_controller.rb:3:in `index'
Started GET "/" for ::1 at 2023-12-13 03:33:27 -0800
Processing by HomeController#index as */*
  Parameters: {"rateRequest"=>{"packages"=>[{"weight"=>{"value"=>1, "units"=>"KG"}, "dimensions"=>{"length"=>10, "width"=>10, "height"=>10, "units"=>"CM"}}], "shipper"=>{"postalCode"=>"64000", "country_code"=>"MX"}, "recipient"=>{"postalCode"=>"06500", "country_code"=>"MX"}}, "home"=>{"rateRequest"=>{"packages"=>[{"weight"=>{"value"=>1, "units"=>"KG"}, "dimensions"=>{"length"=>10, "width"=>10, "height"=>10, "units"=>"CM"}}], "shipper"=>{"postalCode"=>"64000", "country_code"=>"MX"}, "recipient"=>{"postalCode"=>"06500", "country_code"=>"MX"}}}}
  Rendering layout layouts/application.html.erb
  Rendering home/index.html.erb within layouts/application
  Rendered home/index.html.erb within layouts/application (Duration: 0.6ms | Allocations: 115)
  Rendered layout layouts/application.html.erb (Duration: 225.7ms | Allocations: 35579)
Completed 200 OK in 53213ms (Views: 241.2ms | ActiveRecord: 0.0ms | Allocations: 55174)


Started GET "/" for ::1 at 2023-12-13 03:41:42 -0800
  [1m[36mActiveRecord::SchemaMigration Load (2.1ms)[0m  [1m[34mSELECT "schema_migrations"."version" FROM "schema_migrations" ORDER BY "schema_migrations"."version" ASC[0m
Processing by HomeController#index as */*
  Parameters: {"rateRequest"=>{"packages"=>[{"weight"=>{"value"=>1, "units"=>"KG"}, "dimensions"=>{"length"=>10, "width"=>10, "height"=>10, "units"=>"CM"}}], "shipper"=>{"postalCode"=>"64000", "country_code"=>"MX"}, "recipient"=>{"postalCode"=>"06500", "country_code"=>"MX"}}, "home"=>{"rateRequest"=>{"packages"=>[{"weight"=>{"value"=>1, "units"=>"KG"}, "dimensions"=>{"length"=>10, "width"=>10, "height"=>10, "units"=>"CM"}}], "shipper"=>{"postalCode"=>"64000", "country_code"=>"MX"}, "recipient"=>{"postalCode"=>"06500", "country_code"=>"MX"}}}}
  Rendering layout layouts/application.html.erb
  Rendering home/index.html.erb within layouts/application
  Rendered home/index.html.erb within layouts/application (Duration: 0.6ms | Allocations: 192)
  Rendered layout layouts/application.html.erb (Duration: 94.4ms | Allocations: 35718)
Completed 200 OK in 1191519ms (Views: 101.2ms | ActiveRecord: 0.0ms | Allocations: 67437)


Started GET "/" for ::1 at 2023-12-13 04:01:51 -0800
Processing by HomeController#index as */*
  Parameters: {"rateRequest"=>{"packages"=>[{"weight"=>{"value"=>1, "units"=>"KG"}, "dimensions"=>{"length"=>10, "width"=>10, "height"=>10, "units"=>"CM"}}], "shipper"=>{"postalCode"=>"64000", "country_code"=>"MX"}, "recipient"=>{"postalCode"=>"06500", "country_code"=>"MX"}}, "home"=>{"rateRequest"=>{"packages"=>[{"weight"=>{"value"=>1, "units"=>"KG"}, "dimensions"=>{"length"=>10, "width"=>10, "height"=>10, "units"=>"CM"}}], "shipper"=>{"postalCode"=>"64000", "country_code"=>"MX"}, "recipient"=>{"postalCode"=>"06500", "country_code"=>"MX"}}}}
  Rendering layout layouts/application.html.erb
  Rendering home/index.html.erb within layouts/application
  Rendered home/index.html.erb within layouts/application (Duration: 0.0ms | Allocations: 10)
  Rendered layout layouts/application.html.erb (Duration: 12.5ms | Allocations: 4567)
Completed 200 OK in 2743ms (Views: 13.1ms | ActiveRecord: 0.0ms | Allocations: 11538)


Started GET "/" for ::1 at 2023-12-13 04:02:22 -0800
Processing by HomeController#index as */*
  Parameters: {"rateRequest"=>{"packages"=>[{"weight"=>{"value"=>1, "units"=>"KG"}, "dimensions"=>{"length"=>10, "width"=>10, "height"=>10, "units"=>"CM"}}], "shipper"=>{"postalCode"=>"64000", "country_code"=>"MX"}, "recipient"=>{"postalCode"=>"06500", "country_code"=>"MX"}}, "home"=>{"rateRequest"=>{"packages"=>[{"weight"=>{"value"=>1, "units"=>"KG"}, "dimensions"=>{"length"=>10, "width"=>10, "height"=>10, "units"=>"CM"}}], "shipper"=>{"postalCode"=>"64000", "country_code"=>"MX"}, "recipient"=>{"postalCode"=>"06500", "country_code"=>"MX"}}}}
  Rendering layout layouts/application.html.erb
  Rendering home/index.html.erb within layouts/application
  Rendered home/index.html.erb within layouts/application (Duration: 0.0ms | Allocations: 9)
  Rendered layout layouts/application.html.erb (Duration: 2.5ms | Allocations: 2282)
Completed 200 OK in 1247ms (Views: 3.0ms | ActiveRecord: 0.0ms | Allocations: 9217)


Started GET "/" for ::1 at 2023-12-13 04:04:38 -0800
  [1m[36mActiveRecord::SchemaMigration Load (0.4ms)[0m  [1m[34mSELECT "schema_migrations"."version" FROM "schema_migrations" ORDER BY "schema_migrations"."version" ASC[0m
Processing by HomeController#index as */*
  Parameters: {"rateRequest"=>{"packages"=>[{"weight"=>{"value"=>1, "units"=>"KG"}, "dimensions"=>{"length"=>10, "width"=>10, "height"=>10, "units"=>"CM"}}], "shipper"=>{"postalCode"=>"64000", "country_code"=>"MX"}, "recipient"=>{"postalCode"=>"06500", "country_code"=>"MX"}}, "home"=>{"rateRequest"=>{"packages"=>[{"weight"=>{"value"=>1, "units"=>"KG"}, "dimensions"=>{"length"=>10, "width"=>10, "height"=>10, "units"=>"CM"}}], "shipper"=>{"postalCode"=>"64000", "country_code"=>"MX"}, "recipient"=>{"postalCode"=>"06500", "country_code"=>"MX"}}}}
Completed 500 Internal Server Error in 43761ms (ActiveRecord: 0.0ms | Allocations: 31740)


  
TypeError (no implicit conversion of String into Integer):
  
app/services/rates_service.rb:4:in `get_rates'
app/controllers/home_controller.rb:3:in `index'
Started GET "/" for ::1 at 2023-12-13 04:06:45 -0800
Processing by HomeController#index as */*
  Parameters: {"rateRequest"=>{"packages"=>[{"weight"=>{"value"=>1, "units"=>"KG"}, "dimensions"=>{"length"=>10, "width"=>10, "height"=>10, "units"=>"CM"}}], "shipper"=>{"postalCode"=>"64000", "country_code"=>"MX"}, "recipient"=>{"postalCode"=>"06500", "country_code"=>"MX"}}, "home"=>{"rateRequest"=>{"packages"=>[{"weight"=>{"value"=>1, "units"=>"KG"}, "dimensions"=>{"length"=>10, "width"=>10, "height"=>10, "units"=>"CM"}}], "shipper"=>{"postalCode"=>"64000", "country_code"=>"MX"}, "recipient"=>{"postalCode"=>"06500", "country_code"=>"MX"}}}}
Completed 500 Internal Server Error in 1ms (ActiveRecord: 0.0ms | Allocations: 634)


  
ActionController::UnfilteredParameters (unable to convert unpermitted parameters to hash):
  
app/controllers/home_controller.rb:8:in `quote_params'
app/controllers/home_controller.rb:3:in `index'
Started GET "/" for ::1 at 2023-12-13 04:06:58 -0800
Processing by HomeController#index as */*
  Parameters: {"rateRequest"=>{"packages"=>[{"weight"=>{"value"=>1, "units"=>"KG"}, "dimensions"=>{"length"=>10, "width"=>10, "height"=>10, "units"=>"CM"}}], "shipper"=>{"postalCode"=>"64000", "country_code"=>"MX"}, "recipient"=>{"postalCode"=>"06500", "country_code"=>"MX"}}, "home"=>{"rateRequest"=>{"packages"=>[{"weight"=>{"value"=>1, "units"=>"KG"}, "dimensions"=>{"length"=>10, "width"=>10, "height"=>10, "units"=>"CM"}}], "shipper"=>{"postalCode"=>"64000", "country_code"=>"MX"}, "recipient"=>{"postalCode"=>"06500", "country_code"=>"MX"}}}}
Completed 500 Internal Server Error in 21155ms (ActiveRecord: 0.0ms | Allocations: 22417)


  
NoMethodError (undefined method `[]' for nil:NilClass):
  
app/services/rates_service.rb:4:in `get_rates'
app/controllers/home_controller.rb:3:in `index'
Started GET "/" for ::1 at 2023-12-13 04:07:23 -0800
  [1m[36mActiveRecord::SchemaMigration Load (0.7ms)[0m  [1m[34mSELECT "schema_migrations"."version" FROM "schema_migrations" ORDER BY "schema_migrations"."version" ASC[0m
Processing by HomeController#index as */*
  Parameters: {"rateRequest"=>{"packages"=>[{"weight"=>{"value"=>1, "units"=>"KG"}, "dimensions"=>{"length"=>10, "width"=>10, "height"=>10, "units"=>"CM"}}], "shipper"=>{"postalCode"=>"64000", "country_code"=>"MX"}, "recipient"=>{"postalCode"=>"06500", "country_code"=>"MX"}}, "home"=>{"rateRequest"=>{"packages"=>[{"weight"=>{"value"=>1, "units"=>"KG"}, "dimensions"=>{"length"=>10, "width"=>10, "height"=>10, "units"=>"CM"}}], "shipper"=>{"postalCode"=>"64000", "country_code"=>"MX"}, "recipient"=>{"postalCode"=>"06500", "country_code"=>"MX"}}}}
Completed 500 Internal Server Error in 2ms (ActiveRecord: 0.0ms | Allocations: 2377)


  
ActionController::UnfilteredParameters (unable to convert unpermitted parameters to hash):
  
app/controllers/home_controller.rb:8:in `quote_params'
app/controllers/home_controller.rb:3:in `index'
Started GET "/" for ::1 at 2023-12-13 04:09:18 -0800
Processing by HomeController#index as */*
  Parameters: {"rateRequest"=>{"packages"=>[{"weight"=>{"value"=>1, "units"=>"KG"}, "dimensions"=>{"length"=>10, "width"=>10, "height"=>10, "units"=>"CM"}}], "shipper"=>{"postalCode"=>"64000", "country_code"=>"MX"}, "recipient"=>{"postalCode"=>"06500", "country_code"=>"MX"}}, "home"=>{"rateRequest"=>{"packages"=>[{"weight"=>{"value"=>1, "units"=>"KG"}, "dimensions"=>{"length"=>10, "width"=>10, "height"=>10, "units"=>"CM"}}], "shipper"=>{"postalCode"=>"64000", "country_code"=>"MX"}, "recipient"=>{"postalCode"=>"06500", "country_code"=>"MX"}}}}
Completed 500 Internal Server Error in 1ms (ActiveRecord: 0.0ms | Allocations: 678)


  
ActionController::UnfilteredParameters (unable to convert unpermitted parameters to hash):
  
app/controllers/home_controller.rb:8:in `quote_params'
app/controllers/home_controller.rb:3:in `index'
Started GET "/" for ::1 at 2023-12-13 04:09:25 -0800
Processing by HomeController#index as */*
  Parameters: {"rateRequest"=>{"packages"=>[{"weight"=>{"value"=>1, "units"=>"KG"}, "dimensions"=>{"length"=>10, "width"=>10, "height"=>10, "units"=>"CM"}}], "shipper"=>{"postalCode"=>"64000", "country_code"=>"MX"}, "recipient"=>{"postalCode"=>"06500", "country_code"=>"MX"}}, "home"=>{"rateRequest"=>{"packages"=>[{"weight"=>{"value"=>1, "units"=>"KG"}, "dimensions"=>{"length"=>10, "width"=>10, "height"=>10, "units"=>"CM"}}], "shipper"=>{"postalCode"=>"64000", "country_code"=>"MX"}, "recipient"=>{"postalCode"=>"06500", "country_code"=>"MX"}}}}
Completed 500 Internal Server Error in 142190ms (ActiveRecord: 0.0ms | Allocations: 60228)


  
TypeError (no implicit conversion of String into Integer):
  
app/services/rates_service.rb:4:in `get_rates'
app/controllers/home_controller.rb:3:in `index'
Started GET "/" for ::1 at 2023-12-13 04:14:17 -0800
Processing by HomeController#index as */*
  Parameters: {"rateRequest"=>{"packages"=>{"weight"=>{"value"=>1, "units"=>"KG"}, "dimensions"=>{"length"=>10, "width"=>10, "height"=>10, "units"=>"CM"}}, "shipper"=>{"postalCode"=>"64000", "country_code"=>"MX"}, "recipient"=>{"postalCode"=>"06500", "country_code"=>"MX"}}, "home"=>{"rateRequest"=>{"packages"=>{"weight"=>{"value"=>1, "units"=>"KG"}, "dimensions"=>{"length"=>10, "width"=>10, "height"=>10, "units"=>"CM"}}, "shipper"=>{"postalCode"=>"64000", "country_code"=>"MX"}, "recipient"=>{"postalCode"=>"06500", "country_code"=>"MX"}}}}
  Rendering layout layouts/application.html.erb
  Rendering home/index.html.erb within layouts/application
  Rendered home/index.html.erb within layouts/application (Duration: 0.3ms | Allocations: 119)
  Rendered layout layouts/application.html.erb (Duration: 54.1ms | Allocations: 35542)
Completed 200 OK in 179952ms (Views: 56.5ms | ActiveRecord: 0.0ms | Allocations: 100228)


Started GET "/" for ::1 at 2023-12-13 04:17:28 -0800
Processing by HomeController#index as */*
  Parameters: {"rateRequest"=>{"packages"=>{"weight"=>{"value"=>1, "units"=>"KG"}, "dimensions"=>{"length"=>10, "width"=>10, "height"=>10, "units"=>"CM"}}, "shipper"=>{"postalCode"=>"64000", "country_code"=>"MX"}, "recipient"=>{"postalCode"=>"06500", "country_code"=>"MX"}}, "home"=>{"rateRequest"=>{"packages"=>{"weight"=>{"value"=>1, "units"=>"KG"}, "dimensions"=>{"length"=>10, "width"=>10, "height"=>10, "units"=>"CM"}}, "shipper"=>{"postalCode"=>"64000", "country_code"=>"MX"}, "recipient"=>{"postalCode"=>"06500", "country_code"=>"MX"}}}}
  Rendering layout layouts/application.html.erb
  Rendering home/index.html.erb within layouts/application
  Rendered home/index.html.erb within layouts/application (Duration: 0.0ms | Allocations: 6)
  Rendered layout layouts/application.html.erb (Duration: 2.8ms | Allocations: 2231)
Completed 200 OK in 81046ms (Views: 3.5ms | ActiveRecord: 0.0ms | Allocations: 41740)


Started GET "/" for ::1 at 2023-12-13 04:18:51 -0800
Processing by HomeController#index as */*
  Parameters: {"rateRequest"=>{"packages"=>{"weight"=>{"value"=>1, "units"=>"KG"}, "dimensions"=>{"length"=>10, "width"=>10, "height"=>10, "units"=>"CM"}}, "shipper"=>{"postalCode"=>"64000", "country_code"=>"MX"}, "recipient"=>{"postalCode"=>"06500", "country_code"=>"MX"}}, "home"=>{"rateRequest"=>{"packages"=>{"weight"=>{"value"=>1, "units"=>"KG"}, "dimensions"=>{"length"=>10, "width"=>10, "height"=>10, "units"=>"CM"}}, "shipper"=>{"postalCode"=>"64000", "country_code"=>"MX"}, "recipient"=>{"postalCode"=>"06500", "country_code"=>"MX"}}}}
  Rendering layout layouts/application.html.erb
  Rendering home/index.html.erb within layouts/application
  Rendered home/index.html.erb within layouts/application (Duration: 0.0ms | Allocations: 6)
  Rendered layout layouts/application.html.erb (Duration: 2.4ms | Allocations: 2218)
Completed 200 OK in 82580ms (Views: 3.0ms | ActiveRecord: 0.0ms | Allocations: 45909)


Started GET "/" for ::1 at 2023-12-13 04:20:15 -0800
Processing by HomeController#index as */*
  Parameters: {"rateRequest"=>{"packages"=>{"weight"=>{"value"=>1, "units"=>"KG"}, "dimensions"=>{"length"=>10, "width"=>10, "height"=>10, "units"=>"CM"}}, "shipper"=>{"postalCode"=>"64000", "country_code"=>"MX"}, "recipient"=>{"postalCode"=>"06500", "country_code"=>"MX"}}, "home"=>{"rateRequest"=>{"packages"=>{"weight"=>{"value"=>1, "units"=>"KG"}, "dimensions"=>{"length"=>10, "width"=>10, "height"=>10, "units"=>"CM"}}, "shipper"=>{"postalCode"=>"64000", "country_code"=>"MX"}, "recipient"=>{"postalCode"=>"06500", "country_code"=>"MX"}}}}
  Rendering layout layouts/application.html.erb
  Rendering home/index.html.erb within layouts/application
  Rendered home/index.html.erb within layouts/application (Duration: 0.0ms | Allocations: 6)
  Rendered layout layouts/application.html.erb (Duration: 2.5ms | Allocations: 2214)
Completed 200 OK in 3755ms (Views: 3.0ms | ActiveRecord: 0.0ms | Allocations: 20733)


Started GET "/" for ::1 at 2023-12-13 04:20:58 -0800
Processing by HomeController#index as */*
  Parameters: {"rateRequest"=>{"packages"=>{"weight"=>{"value"=>1, "units"=>"KG"}, "dimensions"=>{"length"=>10, "width"=>10, "height"=>10, "units"=>"CM"}}, "shipper"=>{"postalCode"=>"64000", "country_code"=>"MX"}, "recipient"=>{"postalCode"=>"06500", "country_code"=>"MX"}}, "home"=>{"rateRequest"=>{"packages"=>{"weight"=>{"value"=>1, "units"=>"KG"}, "dimensions"=>{"length"=>10, "width"=>10, "height"=>10, "units"=>"CM"}}, "shipper"=>{"postalCode"=>"64000", "country_code"=>"MX"}, "recipient"=>{"postalCode"=>"06500", "country_code"=>"MX"}}}}
  Rendering layout layouts/application.html.erb
  Rendering home/index.html.erb within layouts/application
  Rendered home/index.html.erb within layouts/application (Duration: 0.0ms | Allocations: 6)
  Rendered layout layouts/application.html.erb (Duration: 2.9ms | Allocations: 2231)
Completed 200 OK in 7014ms (Views: 3.7ms | ActiveRecord: 0.0ms | Allocations: 32484)


Started GET "/" for ::1 at 2023-12-13 04:22:22 -0800
Processing by HomeController#index as */*
  Parameters: {"rateRequest"=>{"packages"=>{"weight"=>{"value"=>1, "units"=>"KG"}, "dimensions"=>{"length"=>10, "width"=>10, "height"=>10, "units"=>"CM"}}, "shipper"=>{"postalCode"=>"64000", "country_code"=>"MX"}, "recipient"=>{"postalCode"=>"06500", "country_code"=>"MX"}}, "home"=>{"rateRequest"=>{"packages"=>{"weight"=>{"value"=>1, "units"=>"KG"}, "dimensions"=>{"length"=>10, "width"=>10, "height"=>10, "units"=>"CM"}}, "shipper"=>{"postalCode"=>"64000", "country_code"=>"MX"}, "recipient"=>{"postalCode"=>"06500", "country_code"=>"MX"}}}}
  Rendering layout layouts/application.html.erb
  Rendering home/index.html.erb within layouts/application
  Rendered home/index.html.erb within layouts/application (Duration: 0.0ms | Allocations: 6)
  Rendered layout layouts/application.html.erb (Duration: 2.7ms | Allocations: 2238)
Completed 200 OK in 59042ms (Views: 3.2ms | ActiveRecord: 0.0ms | Allocations: 47222)


Started GET "/" for ::1 at 2023-12-13 04:23:35 -0800
  [1m[36mActiveRecord::SchemaMigration Load (0.6ms)[0m  [1m[34mSELECT "schema_migrations"."version" FROM "schema_migrations" ORDER BY "schema_migrations"."version" ASC[0m
Processing by HomeController#index as */*
  Parameters: {"rateRequest"=>{"packages"=>{"weight"=>{"value"=>1, "units"=>"KG"}, "dimensions"=>{"length"=>10, "width"=>10, "height"=>10, "units"=>"CM"}}, "shipper"=>{"postalCode"=>"64000", "country_code"=>"MX"}, "recipient"=>{"postalCode"=>"06500", "country_code"=>"MX"}}, "home"=>{"rateRequest"=>{"packages"=>{"weight"=>{"value"=>1, "units"=>"KG"}, "dimensions"=>{"length"=>10, "width"=>10, "height"=>10, "units"=>"CM"}}, "shipper"=>{"postalCode"=>"64000", "country_code"=>"MX"}, "recipient"=>{"postalCode"=>"06500", "country_code"=>"MX"}}}}
  Rendering layout layouts/application.html.erb
  Rendering home/index.html.erb within layouts/application
  Rendered home/index.html.erb within layouts/application (Duration: 0.4ms | Allocations: 192)
  Rendered layout layouts/application.html.erb (Duration: 56.7ms | Allocations: 38130)
Completed 200 OK in 3987ms (Views: 61.2ms | ActiveRecord: 0.0ms | Allocations: 70099)


Started GET "/" for ::1 at 2023-12-13 04:23:41 -0800
Processing by HomeController#index as */*
  Parameters: {"rateRequest"=>{"packages"=>{"weight"=>{"value"=>1, "units"=>"KG"}, "dimensions"=>{"length"=>10, "width"=>10, "height"=>10, "units"=>"CM"}}, "shipper"=>{"postalCode"=>"64000", "country_code"=>"MX"}, "recipient"=>{"postalCode"=>"06500", "country_code"=>"MX"}}, "home"=>{"rateRequest"=>{"packages"=>{"weight"=>{"value"=>1, "units"=>"KG"}, "dimensions"=>{"length"=>10, "width"=>10, "height"=>10, "units"=>"CM"}}, "shipper"=>{"postalCode"=>"64000", "country_code"=>"MX"}, "recipient"=>{"postalCode"=>"06500", "country_code"=>"MX"}}}}
  Rendering layout layouts/application.html.erb
  Rendering home/index.html.erb within layouts/application
  Rendered home/index.html.erb within layouts/application (Duration: 0.0ms | Allocations: 10)
  Rendered layout layouts/application.html.erb (Duration: 3.3ms | Allocations: 2424)
Completed 200 OK in 8975ms (Views: 4.1ms | ActiveRecord: 0.0ms | Allocations: 31638)


Started GET "/" for ::1 at 2023-12-13 04:24:27 -0800
  [1m[36mActiveRecord::SchemaMigration Load (0.6ms)[0m  [1m[34mSELECT "schema_migrations"."version" FROM "schema_migrations" ORDER BY "schema_migrations"."version" ASC[0m
Processing by HomeController#index as */*
  Parameters: {"rateRequest"=>{"packages"=>{"weight"=>{"value"=>1, "units"=>"KG"}, "dimensions"=>{"length"=>10, "width"=>10, "height"=>10, "units"=>"CM"}}, "shipper"=>{"postalCode"=>"64000", "country_code"=>"MX"}, "recipient"=>{"postalCode"=>"06500", "country_code"=>"MX"}}, "home"=>{"rateRequest"=>{"packages"=>{"weight"=>{"value"=>1, "units"=>"KG"}, "dimensions"=>{"length"=>10, "width"=>10, "height"=>10, "units"=>"CM"}}, "shipper"=>{"postalCode"=>"64000", "country_code"=>"MX"}, "recipient"=>{"postalCode"=>"06500", "country_code"=>"MX"}}}}
  Rendering layout layouts/application.html.erb
  Rendering home/index.html.erb within layouts/application
  Rendered home/index.html.erb within layouts/application (Duration: 0.4ms | Allocations: 192)
  Rendered layout layouts/application.html.erb (Duration: 56.9ms | Allocations: 38002)
Completed 200 OK in 67879ms (Views: 60.7ms | ActiveRecord: 0.0ms | Allocations: 92004)


Started GET "/" for ::1 at 2023-12-13 04:25:48 -0800
  [1m[36mActiveRecord::SchemaMigration Load (0.6ms)[0m  [1m[34mSELECT "schema_migrations"."version" FROM "schema_migrations" ORDER BY "schema_migrations"."version" ASC[0m
Processing by HomeController#index as */*
  Parameters: {"rateRequest"=>{"packages"=>{"weight"=>{"value"=>1, "units"=>"KG"}, "dimensions"=>{"length"=>10, "width"=>10, "height"=>10, "units"=>"CM"}}, "shipper"=>{"postalCode"=>"64000", "country_code"=>"MX"}, "recipient"=>{"postalCode"=>"06500", "country_code"=>"MX"}}, "home"=>{"rateRequest"=>{"packages"=>{"weight"=>{"value"=>1, "units"=>"KG"}, "dimensions"=>{"length"=>10, "width"=>10, "height"=>10, "units"=>"CM"}}, "shipper"=>{"postalCode"=>"64000", "country_code"=>"MX"}, "recipient"=>{"postalCode"=>"06500", "country_code"=>"MX"}}}}
  Rendering layout layouts/application.html.erb
  Rendering home/index.html.erb within layouts/application
  Rendered home/index.html.erb within layouts/application (Duration: 0.8ms | Allocations: 192)
  Rendered layout layouts/application.html.erb (Duration: 63.8ms | Allocations: 37956)
Completed 200 OK in 87368ms (Views: 67.0ms | ActiveRecord: 0.0ms | Allocations: 75364)


Started GET "/" for ::1 at 2023-12-13 04:27:27 -0800
  [1m[36mActiveRecord::SchemaMigration Load (0.5ms)[0m  [1m[34mSELECT "schema_migrations"."version" FROM "schema_migrations" ORDER BY "schema_migrations"."version" ASC[0m
Processing by HomeController#index as */*
  Parameters: {"rateRequest"=>{"packages"=>{"weight"=>{"value"=>1, "units"=>"KG"}, "dimensions"=>{"length"=>10, "width"=>10, "height"=>10, "units"=>"CM"}}, "shipper"=>{"postalCode"=>"64000", "country_code"=>"MX"}, "recipient"=>{"postalCode"=>"06500", "country_code"=>"MX"}}, "home"=>{"rateRequest"=>{"packages"=>{"weight"=>{"value"=>1, "units"=>"KG"}, "dimensions"=>{"length"=>10, "width"=>10, "height"=>10, "units"=>"CM"}}, "shipper"=>{"postalCode"=>"64000", "country_code"=>"MX"}, "recipient"=>{"postalCode"=>"06500", "country_code"=>"MX"}}}}
  Rendering layout layouts/application.html.erb
  Rendering home/index.html.erb within layouts/application
  Rendered home/index.html.erb within layouts/application (Duration: 0.4ms | Allocations: 192)
  Rendered layout layouts/application.html.erb (Duration: 54.2ms | Allocations: 37985)
Completed 200 OK in 70172ms (Views: 57.6ms | ActiveRecord: 0.0ms | Allocations: 93154)


Started GET "/" for ::1 at 2023-12-13 04:33:41 -0800
  [1m[36mActiveRecord::SchemaMigration Load (0.7ms)[0m  [1m[34mSELECT "schema_migrations"."version" FROM "schema_migrations" ORDER BY "schema_migrations"."version" ASC[0m
Processing by HomeController#index as */*
  Parameters: {"rateRequest"=>{"packages"=>{"weight"=>{"value"=>1, "units"=>"KG"}, "dimensions"=>{"length"=>10, "width"=>10, "height"=>10, "units"=>"CM"}}, "shipper"=>{"postalCode"=>"64000", "country_code"=>"MX"}, "recipient"=>{"postalCode"=>"06500", "country_code"=>"MX"}}, "home"=>{"rateRequest"=>{"packages"=>{"weight"=>{"value"=>1, "units"=>"KG"}, "dimensions"=>{"length"=>10, "width"=>10, "height"=>10, "units"=>"CM"}}, "shipper"=>{"postalCode"=>"64000", "country_code"=>"MX"}, "recipient"=>{"postalCode"=>"06500", "country_code"=>"MX"}}}}
  Rendering layout layouts/application.html.erb
  Rendering home/index.html.erb within layouts/application
  Rendered home/index.html.erb within layouts/application (Duration: 0.4ms | Allocations: 192)
  Rendered layout layouts/application.html.erb (Duration: 52.7ms | Allocations: 37950)
Completed 200 OK in 573420ms (Views: 57.3ms | ActiveRecord: 0.0ms | Allocations: 90801)


Started GET "/" for ::1 at 2023-12-13 04:43:30 -0800
  [1m[36mActiveRecord::SchemaMigration Load (0.6ms)[0m  [1m[34mSELECT "schema_migrations"."version" FROM "schema_migrations" ORDER BY "schema_migrations"."version" ASC[0m
Processing by HomeController#index as */*
  Parameters: {"rateRequest"=>{"packages"=>{"weight"=>{"value"=>1, "units"=>"KG"}, "dimensions"=>{"length"=>10, "width"=>10, "height"=>10, "units"=>"CM"}}, "shipper"=>{"postalCode"=>"64000", "country_code"=>"MX"}, "recipient"=>{"postalCode"=>"06500", "country_code"=>"MX"}}, "home"=>{"rateRequest"=>{"packages"=>{"weight"=>{"value"=>1, "units"=>"KG"}, "dimensions"=>{"length"=>10, "width"=>10, "height"=>10, "units"=>"CM"}}, "shipper"=>{"postalCode"=>"64000", "country_code"=>"MX"}, "recipient"=>{"postalCode"=>"06500", "country_code"=>"MX"}}}}
  Rendering layout layouts/application.html.erb
  Rendering home/index.html.erb within layouts/application
  Rendered home/index.html.erb within layouts/application (Duration: 0.5ms | Allocations: 192)
  Rendered layout layouts/application.html.erb (Duration: 62.0ms | Allocations: 37955)
Completed 200 OK in 13745ms (Views: 65.0ms | ActiveRecord: 0.0ms | Allocations: 87778)


Started GET "/" for ::1 at 2023-12-13 04:44:05 -0800
  [1m[36mActiveRecord::SchemaMigration Load (1.1ms)[0m  [1m[34mSELECT "schema_migrations"."version" FROM "schema_migrations" ORDER BY "schema_migrations"."version" ASC[0m
Processing by HomeController#index as */*
  Parameters: {"rateRequest"=>{"packages"=>{"weight"=>{"value"=>1, "units"=>"KG"}, "dimensions"=>{"length"=>10, "width"=>10, "height"=>10, "units"=>"CM"}}, "shipper"=>{"postalCode"=>"64000", "country_code"=>"MX"}, "recipient"=>{"postalCode"=>"06500", "country_code"=>"MX"}}, "home"=>{"rateRequest"=>{"packages"=>{"weight"=>{"value"=>1, "units"=>"KG"}, "dimensions"=>{"length"=>10, "width"=>10, "height"=>10, "units"=>"CM"}}, "shipper"=>{"postalCode"=>"64000", "country_code"=>"MX"}, "recipient"=>{"postalCode"=>"06500", "country_code"=>"MX"}}}}
  Rendering layout layouts/application.html.erb
  Rendering home/index.html.erb within layouts/application
  Rendered home/index.html.erb within layouts/application (Duration: 0.4ms | Allocations: 192)
  Rendered layout layouts/application.html.erb (Duration: 58.7ms | Allocations: 37950)
Completed 200 OK in 42983ms (Views: 63.0ms | ActiveRecord: 0.0ms | Allocations: 76784)


Started GET "/" for ::1 at 2023-12-13 09:11:37 -0800
Processing by HomeController#index as */*
  Parameters: {"rateRequest"=>{"packages"=>{"weight"=>{"value"=>1, "units"=>"KG"}, "dimensions"=>{"length"=>10, "width"=>10, "height"=>10, "units"=>"CM"}}, "shipper"=>{"postalCode"=>"64000", "country_code"=>"MX"}, "recipient"=>{"postalCode"=>"06500", "country_code"=>"MX"}}, "home"=>{"rateRequest"=>{"packages"=>{"weight"=>{"value"=>1, "units"=>"KG"}, "dimensions"=>{"length"=>10, "width"=>10, "height"=>10, "units"=>"CM"}}, "shipper"=>{"postalCode"=>"64000", "country_code"=>"MX"}, "recipient"=>{"postalCode"=>"06500", "country_code"=>"MX"}}}}
  Rendering layout layouts/application.html.erb
  Rendering home/index.html.erb within layouts/application
  Rendered home/index.html.erb within layouts/application (Duration: 0.1ms | Allocations: 10)
  Rendered layout layouts/application.html.erb (Duration: 6.6ms | Allocations: 2423)
Completed 200 OK in 706367ms (Views: 7.6ms | ActiveRecord: 0.0ms | Allocations: 46564)


Started GET "/" for ::1 at 2023-12-13 09:35:36 -0800
  [1m[36mActiveRecord::SchemaMigration Load (0.5ms)[0m  [1m[34mSELECT "schema_migrations"."version" FROM "schema_migrations" ORDER BY "schema_migrations"."version" ASC[0m
Processing by HomeController#index as */*
  Parameters: {"rateRequest"=>{"packages"=>{"weight"=>{"value"=>1, "units"=>"KG"}, "dimensions"=>{"length"=>10, "width"=>10, "height"=>10, "units"=>"CM"}}, "shipper"=>{"postalCode"=>"64000", "country_code"=>"MX"}, "recipient"=>{"postalCode"=>"06500", "country_code"=>"MX"}}, "home"=>{"rateRequest"=>{"packages"=>{"weight"=>{"value"=>1, "units"=>"KG"}, "dimensions"=>{"length"=>10, "width"=>10, "height"=>10, "units"=>"CM"}}, "shipper"=>{"postalCode"=>"64000", "country_code"=>"MX"}, "recipient"=>{"postalCode"=>"06500", "country_code"=>"MX"}}}}
Completed 500 Internal Server Error in 2692ms (ActiveRecord: 0.0ms | Allocations: 17509)


  
ArgumentError (wrong number of arguments (given 3, expected 1..2)):
  
app/services/rates_service.rb:4:in `get_rates'
app/controllers/home_controller.rb:3:in `index'
Started GET "/" for ::1 at 2023-12-13 09:37:02 -0800
  [1m[36mActiveRecord::SchemaMigration Load (1.2ms)[0m  [1m[34mSELECT "schema_migrations"."version" FROM "schema_migrations" ORDER BY "schema_migrations"."version" ASC[0m
Processing by HomeController#index as */*
  Parameters: {"rateRequest"=>{"packages"=>{"weight"=>{"value"=>1, "units"=>"KG"}, "dimensions"=>{"length"=>10, "width"=>10, "height"=>10, "units"=>"CM"}}, "shipper"=>{"postalCode"=>"64000", "country_code"=>"MX"}, "recipient"=>{"postalCode"=>"06500", "country_code"=>"MX"}}, "home"=>{"rateRequest"=>{"packages"=>{"weight"=>{"value"=>1, "units"=>"KG"}, "dimensions"=>{"length"=>10, "width"=>10, "height"=>10, "units"=>"CM"}}, "shipper"=>{"postalCode"=>"64000", "country_code"=>"MX"}, "recipient"=>{"postalCode"=>"06500", "country_code"=>"MX"}}}}
Completed 500 Internal Server Error in 10688ms (ActiveRecord: 0.0ms | Allocations: 29640)


  
ArgumentError (wrong number of arguments (given 3, expected 1..2)):
  
app/services/rates_service.rb:4:in `get_rates'
app/controllers/home_controller.rb:3:in `index'
Started GET "/" for ::1 at 2023-12-13 09:37:59 -0800
  [1m[36mActiveRecord::SchemaMigration Load (1.2ms)[0m  [1m[34mSELECT "schema_migrations"."version" FROM "schema_migrations" ORDER BY "schema_migrations"."version" ASC[0m
Processing by HomeController#index as */*
  Parameters: {"rateRequest"=>{"packages"=>{"weight"=>{"value"=>1, "units"=>"KG"}, "dimensions"=>{"length"=>10, "width"=>10, "height"=>10, "units"=>"CM"}}, "shipper"=>{"postalCode"=>"64000", "country_code"=>"MX"}, "recipient"=>{"postalCode"=>"06500", "country_code"=>"MX"}}, "home"=>{"rateRequest"=>{"packages"=>{"weight"=>{"value"=>1, "units"=>"KG"}, "dimensions"=>{"length"=>10, "width"=>10, "height"=>10, "units"=>"CM"}}, "shipper"=>{"postalCode"=>"64000", "country_code"=>"MX"}, "recipient"=>{"postalCode"=>"06500", "country_code"=>"MX"}}}}
Completed 500 Internal Server Error in 10044ms (ActiveRecord: 0.0ms | Allocations: 52931)


  
ArgumentError (wrong number of arguments (given 3, expected 1..2)):
  
app/services/rates_service.rb:4:in `get_rates'
app/controllers/home_controller.rb:3:in `index'
Started GET "/" for ::1 at 2023-12-13 09:39:58 -0800
  [1m[36mActiveRecord::SchemaMigration Load (1.0ms)[0m  [1m[34mSELECT "schema_migrations"."version" FROM "schema_migrations" ORDER BY "schema_migrations"."version" ASC[0m
Processing by HomeController#index as */*
  Parameters: {"rateRequest"=>{"packages"=>{"weight"=>{"value"=>1, "units"=>"KG"}, "dimensions"=>{"length"=>10, "width"=>10, "height"=>10, "units"=>"CM"}}, "shipper"=>{"postalCode"=>"64000", "country_code"=>"MX"}, "recipient"=>{"postalCode"=>"06500", "country_code"=>"MX"}}, "home"=>{"rateRequest"=>{"packages"=>{"weight"=>{"value"=>1, "units"=>"KG"}, "dimensions"=>{"length"=>10, "width"=>10, "height"=>10, "units"=>"CM"}}, "shipper"=>{"postalCode"=>"64000", "country_code"=>"MX"}, "recipient"=>{"postalCode"=>"06500", "country_code"=>"MX"}}}}
  Rendering layout layouts/application.html.erb
  Rendering home/index.html.erb within layouts/application
  Rendered home/index.html.erb within layouts/application (Duration: 0.5ms | Allocations: 192)
  Rendered layout layouts/application.html.erb (Duration: 57.6ms | Allocations: 37959)
Completed 200 OK in 4197250ms (Views: 63.3ms | ActiveRecord: 0.0ms | Allocations: 135039)


Started GET "/" for ::1 at 2023-12-13 10:50:23 -0800
  [1m[36mActiveRecord::SchemaMigration Load (0.5ms)[0m  [1m[34mSELECT "schema_migrations"."version" FROM "schema_migrations" ORDER BY "schema_migrations"."version" ASC[0m
Processing by HomeController#index as */*
  Parameters: {"rateRequest"=>{"packages"=>{"weight"=>{"value"=>1, "units"=>"KG"}, "dimensions"=>{"length"=>10, "width"=>10, "height"=>10, "units"=>"CM"}}, "shipper"=>{"postalCode"=>"64000", "country_code"=>"MX"}, "recipient"=>{"postalCode"=>"06500", "country_code"=>"MX"}}, "home"=>{"rateRequest"=>{"packages"=>{"weight"=>{"value"=>1, "units"=>"KG"}, "dimensions"=>{"length"=>10, "width"=>10, "height"=>10, "units"=>"CM"}}, "shipper"=>{"postalCode"=>"64000", "country_code"=>"MX"}, "recipient"=>{"postalCode"=>"06500", "country_code"=>"MX"}}}}
Completed 500 Internal Server Error in 20676ms (ActiveRecord: 0.0ms | Allocations: 64645)


  
NameError (undefined local variable or method `credentials' for FedexRatesGem::Connection:Module
Did you mean?  @credentials):
  
app/services/rates_service.rb:4:in `get_rates'
app/controllers/home_controller.rb:3:in `index'
Started GET "/" for ::1 at 2023-12-13 10:51:11 -0800
  [1m[36mActiveRecord::SchemaMigration Load (0.4ms)[0m  [1m[34mSELECT "schema_migrations"."version" FROM "schema_migrations" ORDER BY "schema_migrations"."version" ASC[0m
Processing by HomeController#index as */*
  Parameters: {"rateRequest"=>{"packages"=>{"weight"=>{"value"=>1, "units"=>"KG"}, "dimensions"=>{"length"=>10, "width"=>10, "height"=>10, "units"=>"CM"}}, "shipper"=>{"postalCode"=>"64000", "country_code"=>"MX"}, "recipient"=>{"postalCode"=>"06500", "country_code"=>"MX"}}, "home"=>{"rateRequest"=>{"packages"=>{"weight"=>{"value"=>1, "units"=>"KG"}, "dimensions"=>{"length"=>10, "width"=>10, "height"=>10, "units"=>"CM"}}, "shipper"=>{"postalCode"=>"64000", "country_code"=>"MX"}, "recipient"=>{"postalCode"=>"06500", "country_code"=>"MX"}}}}
Completed 500 Internal Server Error in 664533ms (ActiveRecord: 0.0ms | Allocations: 171987)


  
NoMethodError (undefined method `errors' for #<Faraday::Response:0x00007fb23d0324a0 @on_complete_callbacks=[], @env=#<Faraday::Env @method=:post @request_body="client_id=bkjIgUhxdghtLw9L&client_secret=6p8oOccHmDwuJZCyJs44wQ0Iw&grant_type=client_credentials" @url=#<URI::HTTPS https://apis-sandbox.fedex.com/oauth/token> @request=#<Faraday::RequestOptions (empty)> @request_headers={"User-Agent"=>"Faraday v2.7.12", "Content-Type"=>"application/x-www-form-urlencoded"} @ssl=#<Faraday::SSLOptions verify=true> @response=#<Faraday::Response:0x00007fb23d0324a0 ...> @response_headers={"cache-control"=>"no-store", "pragma"=>"no-cache", "content-type"=>"application/json", "content-length"=>"199", "server"=>"Layer7-API-Gateway", "date"=>"Wed, 13 Dec 2023 18:51:16 GMT", "connection"=>"close", "server-timing"=>"cdn-cache; desc=MISS, edge; dur=84, origin; dur=261, ak_p; desc=\"1702493476383_388011282_94529043_35702_10805_25_32_-\";dur=1"} @status=401 @reason_phrase="Unauthorized" @response_body="{\"transactionId\": \"dc3c76a2-efc9-45a5-b4eb-647f27233366\",\"errors\":[{\"code\":\"NOT.AUTHORIZED.ERROR\",\"message\":\"The given client credentials were not valid. Please modify your request and try again.\"}]}">>):
  
app/services/rates_service.rb:4:in `get_rates'
app/controllers/home_controller.rb:3:in `index'
Started GET "/" for ::1 at 2023-12-13 11:02:50 -0800
  [1m[36mActiveRecord::SchemaMigration Load (1.3ms)[0m  [1m[34mSELECT "schema_migrations"."version" FROM "schema_migrations" ORDER BY "schema_migrations"."version" ASC[0m
Processing by HomeController#index as */*
  Parameters: {"rateRequest"=>{"packages"=>{"weight"=>{"value"=>1, "units"=>"KG"}, "dimensions"=>{"length"=>10, "width"=>10, "height"=>10, "units"=>"CM"}}, "shipper"=>{"postalCode"=>"64000", "country_code"=>"MX"}, "recipient"=>{"postalCode"=>"06500", "country_code"=>"MX"}}, "home"=>{"rateRequest"=>{"packages"=>{"weight"=>{"value"=>1, "units"=>"KG"}, "dimensions"=>{"length"=>10, "width"=>10, "height"=>10, "units"=>"CM"}}, "shipper"=>{"postalCode"=>"64000", "country_code"=>"MX"}, "recipient"=>{"postalCode"=>"06500", "country_code"=>"MX"}}}}
  Rendering layout layouts/application.html.erb
  Rendering home/index.html.erb within layouts/application
  Rendered home/index.html.erb within layouts/application (Duration: 0.7ms | Allocations: 192)
  Rendered layout layouts/application.html.erb (Duration: 79.8ms | Allocations: 37950)
Completed 200 OK in 72942ms (Views: 83.2ms | ActiveRecord: 0.0ms | Allocations: 194901)


Started GET "/" for ::1 at 2023-12-13 11:04:39 -0800
  [1m[36mActiveRecord::SchemaMigration Load (1.0ms)[0m  [1m[34mSELECT "schema_migrations"."version" FROM "schema_migrations" ORDER BY "schema_migrations"."version" ASC[0m
Processing by HomeController#index as */*
  Parameters: {"rateRequest"=>{"packages"=>{"weight"=>{"value"=>1, "units"=>"KG"}, "dimensions"=>{"length"=>10, "width"=>10, "height"=>10, "units"=>"CM"}}, "shipper"=>{"postalCode"=>"64000", "country_code"=>"MX"}, "recipient"=>{"postalCode"=>"06500", "country_code"=>"MX"}}, "home"=>{"rateRequest"=>{"packages"=>{"weight"=>{"value"=>1, "units"=>"KG"}, "dimensions"=>{"length"=>10, "width"=>10, "height"=>10, "units"=>"CM"}}, "shipper"=>{"postalCode"=>"64000", "country_code"=>"MX"}, "recipient"=>{"postalCode"=>"06500", "country_code"=>"MX"}}}}
  Rendering layout layouts/application.html.erb
  Rendering home/index.html.erb within layouts/application
  Rendered home/index.html.erb within layouts/application (Duration: 0.7ms | Allocations: 192)
  Rendered layout layouts/application.html.erb (Duration: 73.3ms | Allocations: 38118)
Completed 200 OK in 112155ms (Views: 77.5ms | ActiveRecord: 0.0ms | Allocations: 171423)


Started GET "/" for ::1 at 2023-12-13 11:07:38 -0800
  [1m[36mActiveRecord::SchemaMigration Load (0.9ms)[0m  [1m[34mSELECT "schema_migrations"."version" FROM "schema_migrations" ORDER BY "schema_migrations"."version" ASC[0m
Processing by HomeController#index as */*
  Parameters: {"rateRequest"=>{"packages"=>{"weight"=>{"value"=>1, "units"=>"KG"}, "dimensions"=>{"length"=>10, "width"=>10, "height"=>10, "units"=>"CM"}}, "shipper"=>{"postalCode"=>"64000", "country_code"=>"MX"}, "recipient"=>{"postalCode"=>"06500", "country_code"=>"MX"}}, "home"=>{"rateRequest"=>{"packages"=>{"weight"=>{"value"=>1, "units"=>"KG"}, "dimensions"=>{"length"=>10, "width"=>10, "height"=>10, "units"=>"CM"}}, "shipper"=>{"postalCode"=>"64000", "country_code"=>"MX"}, "recipient"=>{"postalCode"=>"06500", "country_code"=>"MX"}}}}
  Rendering layout layouts/application.html.erb
  Rendering home/index.html.erb within layouts/application
  Rendered home/index.html.erb within layouts/application (Duration: 0.5ms | Allocations: 192)
  Rendered layout layouts/application.html.erb (Duration: 66.3ms | Allocations: 37966)
Completed 200 OK in 36260ms (Views: 69.9ms | ActiveRecord: 0.0ms | Allocations: 95004)


Started GET "/" for ::1 at 2023-12-13 11:25:33 -0800
  [1m[36mActiveRecord::SchemaMigration Load (0.6ms)[0m  [1m[34mSELECT "schema_migrations"."version" FROM "schema_migrations" ORDER BY "schema_migrations"."version" ASC[0m
Processing by HomeController#index as */*
  Parameters: {"rateRequest"=>{"packages"=>{"weight"=>{"value"=>1, "units"=>"KG"}, "dimensions"=>{"length"=>10, "width"=>10, "height"=>10, "units"=>"CM"}}, "shipper"=>{"postalCode"=>"64000", "country_code"=>"MX"}, "recipient"=>{"postalCode"=>"06500", "country_code"=>"MX"}}, "home"=>{"rateRequest"=>{"packages"=>{"weight"=>{"value"=>1, "units"=>"KG"}, "dimensions"=>{"length"=>10, "width"=>10, "height"=>10, "units"=>"CM"}}, "shipper"=>{"postalCode"=>"64000", "country_code"=>"MX"}, "recipient"=>{"postalCode"=>"06500", "country_code"=>"MX"}}}}
  Rendering layout layouts/application.html.erb
  Rendering home/index.html.erb within layouts/application
  Rendered home/index.html.erb within layouts/application (Duration: 0.4ms | Allocations: 192)
  Rendered layout layouts/application.html.erb (Duration: 60.7ms | Allocations: 37964)
Completed 200 OK in 9623ms (Views: 64.6ms | ActiveRecord: 0.0ms | Allocations: 65042)


Started GET "/" for ::1 at 2023-12-13 11:27:02 -0800
  [1m[36mActiveRecord::SchemaMigration Load (0.8ms)[0m  [1m[34mSELECT "schema_migrations"."version" FROM "schema_migrations" ORDER BY "schema_migrations"."version" ASC[0m
Processing by HomeController#index as */*
  Parameters: {"rateRequest"=>{"packages"=>{"weight"=>{"value"=>1, "units"=>"KG"}, "dimensions"=>{"length"=>10, "width"=>10, "height"=>10, "units"=>"CM"}}, "shipper"=>{"postalCode"=>"64000", "country_code"=>"MX"}, "recipient"=>{"postalCode"=>"06500", "country_code"=>"MX"}}, "home"=>{"rateRequest"=>{"packages"=>{"weight"=>{"value"=>1, "units"=>"KG"}, "dimensions"=>{"length"=>10, "width"=>10, "height"=>10, "units"=>"CM"}}, "shipper"=>{"postalCode"=>"64000", "country_code"=>"MX"}, "recipient"=>{"postalCode"=>"06500", "country_code"=>"MX"}}}}
Completed 200 OK in 4723ms (Views: 0.2ms | ActiveRecord: 0.0ms | Allocations: 21208)


Started GET "/" for ::1 at 2023-12-13 11:33:25 -0800
  [1m[36mActiveRecord::SchemaMigration Load (4.1ms)[0m  [1m[34mSELECT "schema_migrations"."version" FROM "schema_migrations" ORDER BY "schema_migrations"."version" ASC[0m
Processing by HomeController#index as */*
  Parameters: {"rateRequest"=>{"packages"=>{"weight"=>{"value"=>1, "units"=>"KG"}, "dimensions"=>{"length"=>10, "width"=>10, "height"=>10, "units"=>"CM"}}, "shipper"=>{"postalCode"=>"64000", "country_code"=>"MX"}, "recipient"=>{"postalCode"=>"06500", "country_code"=>"MX"}}, "home"=>{"rateRequest"=>{"packages"=>{"weight"=>{"value"=>1, "units"=>"KG"}, "dimensions"=>{"length"=>10, "width"=>10, "height"=>10, "units"=>"CM"}}, "shipper"=>{"postalCode"=>"64000", "country_code"=>"MX"}, "recipient"=>{"postalCode"=>"06500", "country_code"=>"MX"}}}}
Completed 200 OK in 8314421ms (Views: 0.4ms | ActiveRecord: 0.0ms | Allocations: 73865)


Started GET "/" for ::1 at 2023-12-13 14:17:01 -0800
  [1m[36mActiveRecord::SchemaMigration Load (1.2ms)[0m  [1m[34mSELECT "schema_migrations"."version" FROM "schema_migrations" ORDER BY "schema_migrations"."version" ASC[0m
Processing by HomeController#index as */*
  Parameters: {"rateRequest"=>{"packages"=>{"weight"=>{"value"=>1, "units"=>"KG"}, "dimensions"=>{"length"=>10, "width"=>10, "height"=>10, "units"=>"CM"}}, "shipper"=>{"postalCode"=>"64000", "country_code"=>"MX"}, "recipient"=>{"postalCode"=>"06500", "country_code"=>"MX"}}, "home"=>{"rateRequest"=>{"packages"=>{"weight"=>{"value"=>1, "units"=>"KG"}, "dimensions"=>{"length"=>10, "width"=>10, "height"=>10, "units"=>"CM"}}, "shipper"=>{"postalCode"=>"64000", "country_code"=>"MX"}, "recipient"=>{"postalCode"=>"06500", "country_code"=>"MX"}}}}
Completed 200 OK in 183565ms (Views: 0.4ms | ActiveRecord: 0.0ms | Allocations: 69295)


Started GET "/" for ::1 at 2023-12-13 14:20:19 -0800
  [1m[36mActiveRecord::SchemaMigration Load (0.7ms)[0m  [1m[34mSELECT "schema_migrations"."version" FROM "schema_migrations" ORDER BY "schema_migrations"."version" ASC[0m
Processing by HomeController#index as */*
  Parameters: {"rateRequest"=>{"packages"=>{"weight"=>{"value"=>1, "units"=>"KG"}, "dimensions"=>{"length"=>10, "width"=>10, "height"=>10, "units"=>"CM"}}, "shipper"=>{"postalCode"=>"64000", "country_code"=>"MX"}, "recipient"=>{"postalCode"=>"06500", "country_code"=>"MX"}}, "home"=>{"rateRequest"=>{"packages"=>{"weight"=>{"value"=>1, "units"=>"KG"}, "dimensions"=>{"length"=>10, "width"=>10, "height"=>10, "units"=>"CM"}}, "shipper"=>{"postalCode"=>"64000", "country_code"=>"MX"}, "recipient"=>{"postalCode"=>"06500", "country_code"=>"MX"}}}}
Completed 200 OK in 5027ms (Views: 0.3ms | ActiveRecord: 0.0ms | Allocations: 19862)


